Using pre-set license
Built from '2020.3/staging' branch; Version is '2020.3.10f1 (297d780c91bc) revision 2719096'; Using compiler version '192528614'; Build Type 'Release'
OS: 'Windows 10 Home; OS build 18363.1556; Version 1909; 64bit' Language: 'en' Physical Memory: 16328 MB
BatchMode: 1, IsHumanControllingUs: 0, StartBugReporterOnCrash: 0, Is64bit: 1, IsPro: 0

 COMMAND LINE ARGUMENTS:
D:\Unity\IDE\2020.3.10f1\Editor\Unity.exe
-adb2
-batchMode
-noUpm
-name
AssetImportWorker0
-projectPath
D:/Unity/Games/RockPaperWallyWoka
-logFile
Logs/AssetImportWorker0.log
-srvPort
53396
Successfully changed project path to: D:/Unity/Games/RockPaperWallyWoka
D:/Unity/Games/RockPaperWallyWoka
Using Asset Import Pipeline V2.
Refreshing native plugins compatible for Editor in 106.90 ms, found 2 plugins.
Preloading 0 native plugins for Editor in 0.00 ms.
Initialize engine version: 2020.3.10f1 (297d780c91bc)
[Subsystems] Discovering subsystems at path D:/Unity/IDE/2020.3.10f1/Editor/Data/Resources/UnitySubsystems
[Subsystems] Discovering subsystems at path D:/Unity/Games/RockPaperWallyWoka/Assets
GfxDevice: creating device client; threaded=0
Direct3D:
    Version:  Direct3D 11.0 [level 11.1]
    Renderer: NVIDIA GeForce GTX 1080 Ti (ID=0x1b06)
    Vendor:   
    VRAM:     11127 MB
    Driver:   27.21.14.6647
Initialize mono
Mono path[0] = 'D:/Unity/IDE/2020.3.10f1/Editor/Data/Managed'
Mono path[1] = 'D:/Unity/IDE/2020.3.10f1/Editor/Data/MonoBleedingEdge/lib/mono/unityjit'
Mono config path = 'D:/Unity/IDE/2020.3.10f1/Editor/Data/MonoBleedingEdge/etc'
Using monoOptions --debugger-agent=transport=dt_socket,embedding=1,server=y,suspend=n,address=127.0.0.1:56792
Begin MonoManager ReloadAssembly
Registering precompiled unity dll's ...
Register platform support module: D:/Unity/IDE/2020.3.10f1/Editor/Data/PlaybackEngines/WindowsStandaloneSupport/UnityEditor.WindowsStandalone.Extensions.dll
Registered in 0.000901 seconds.
Native extension for WindowsStandalone target not found
Refreshing native plugins compatible for Editor in 106.22 ms, found 2 plugins.
Preloading 0 native plugins for Editor in 0.00 ms.
Mono: successfully reloaded assembly
- Completed reload, in  1.847 seconds
Platform modules already initialized, skipping
Registering precompiled user dll's ...
Registered in 0.004069 seconds.
Begin MonoManager ReloadAssembly
Native extension for WindowsStandalone target not found
Refreshing native plugins compatible for Editor in 118.66 ms, found 2 plugins.
Preloading 0 native plugins for Editor in 0.00 ms.
Mono: successfully reloaded assembly
- Completed reload, in  2.041 seconds
Platform modules already initialized, skipping
========================================================================
Worker process is ready to serve import requests
Launched and connected shader compiler UnityShaderCompiler.exe after 0.05 seconds
Refreshing native plugins compatible for Editor in 1.72 ms, found 2 plugins.
Preloading 0 native plugins for Editor in 0.00 ms.
Unloading 4069 Unused Serialized files (Serialized files now loaded: 0)
System memory in use before: 190.0 MB.
System memory in use after: 187.0 MB.

Unloading 54 unused Assets to reduce memory usage. Loaded Objects now: 4489.
Total: 8.634400 ms (FindLiveObjects: 0.696800 ms CreateObjectMapping: 0.376400 ms MarkObjects: 4.754700 ms  DeleteObjects: 2.803700 ms)

========================================================================
Received Import Request.
  path: Assets/Game/Prefabs/Player.prefab
  artifactKey: Guid(9dc10a1022d9f01468f6500277a6772e) Importer(815301076,1909f56bfc062723c751e8b465ee728b)
Start importing Assets/Game/Prefabs/Player.prefab using Guid(9dc10a1022d9f01468f6500277a6772e) Importer(815301076,1909f56bfc062723c751e8b465ee728b)  -> (artifact id: '08e961bcda35e75c2dbc94d08615fbe1') in 0.113925 seconds
  Import took 0.123607 seconds .

========================================================================
Received Prepare
Registering precompiled user dll's ...
Registered in 0.003899 seconds.
Begin MonoManager ReloadAssembly
Native extension for WindowsStandalone target not found
Refreshing native plugins compatible for Editor in 1.63 ms, found 2 plugins.
Preloading 0 native plugins for Editor in 0.00 ms.
Mono: successfully reloaded assembly
- Completed reload, in  1.652 seconds
Platform modules already initialized, skipping
Refreshing native plugins compatible for Editor in 1.03 ms, found 2 plugins.
Preloading 0 native plugins for Editor in 0.00 ms.
Unloading 3818 Unused Serialized files (Serialized files now loaded: 0)
System memory in use before: 178.4 MB.
System memory in use after: 175.5 MB.

Unloading 49 unused Assets to reduce memory usage. Loaded Objects now: 4492.
Total: 8.181700 ms (FindLiveObjects: 0.531900 ms CreateObjectMapping: 0.290700 ms MarkObjects: 3.979700 ms  DeleteObjects: 3.378000 ms)

========================================================================
Received Prepare
Registering precompiled user dll's ...
Registered in 0.004734 seconds.
Begin MonoManager ReloadAssembly
Native extension for WindowsStandalone target not found
Refreshing native plugins compatible for Editor in 1.50 ms, found 2 plugins.
Preloading 0 native plugins for Editor in 0.00 ms.
Mono: successfully reloaded assembly
- Completed reload, in  1.687 seconds
Platform modules already initialized, skipping
Refreshing native plugins compatible for Editor in 1.57 ms, found 2 plugins.
Preloading 0 native plugins for Editor in 0.00 ms.
Unloading 3818 Unused Serialized files (Serialized files now loaded: 0)
System memory in use before: 178.5 MB.
System memory in use after: 175.5 MB.

Unloading 47 unused Assets to reduce memory usage. Loaded Objects now: 4495.
Total: 13.084200 ms (FindLiveObjects: 0.928400 ms CreateObjectMapping: 0.582000 ms MarkObjects: 7.471800 ms  DeleteObjects: 4.100000 ms)

========================================================================
Received Prepare
Registering precompiled user dll's ...
Registered in 0.003620 seconds.
Begin MonoManager ReloadAssembly
Native extension for WindowsStandalone target not found
Refreshing native plugins compatible for Editor in 0.95 ms, found 2 plugins.
Preloading 0 native plugins for Editor in 0.00 ms.
Mono: successfully reloaded assembly
- Completed reload, in  1.564 seconds
Platform modules already initialized, skipping
Refreshing native plugins compatible for Editor in 1.74 ms, found 2 plugins.
Preloading 0 native plugins for Editor in 0.00 ms.
Unloading 3818 Unused Serialized files (Serialized files now loaded: 0)
System memory in use before: 178.5 MB.
System memory in use after: 175.6 MB.

Unloading 47 unused Assets to reduce memory usage. Loaded Objects now: 4498.
Total: 7.099200 ms (FindLiveObjects: 0.456700 ms CreateObjectMapping: 0.227500 ms MarkObjects: 3.483000 ms  DeleteObjects: 2.931100 ms)

========================================================================
Received Prepare
Registering precompiled user dll's ...
Registered in 0.005462 seconds.
Begin MonoManager ReloadAssembly
Native extension for WindowsStandalone target not found
Refreshing native plugins compatible for Editor in 1.61 ms, found 2 plugins.
Preloading 0 native plugins for Editor in 0.00 ms.
Mono: successfully reloaded assembly
- Completed reload, in  1.676 seconds
Platform modules already initialized, skipping
Refreshing native plugins compatible for Editor in 1.39 ms, found 2 plugins.
Preloading 0 native plugins for Editor in 0.00 ms.
Unloading 3818 Unused Serialized files (Serialized files now loaded: 0)
System memory in use before: 178.5 MB.
System memory in use after: 175.6 MB.

Unloading 47 unused Assets to reduce memory usage. Loaded Objects now: 4501.
Total: 11.715700 ms (FindLiveObjects: 0.542100 ms CreateObjectMapping: 0.266000 ms MarkObjects: 7.148900 ms  DeleteObjects: 3.757200 ms)

========================================================================
Received Prepare
Registering precompiled user dll's ...
Registered in 0.003336 seconds.
Begin MonoManager ReloadAssembly
Native extension for WindowsStandalone target not found
Refreshing native plugins compatible for Editor in 2.04 ms, found 2 plugins.
Preloading 0 native plugins for Editor in 0.00 ms.
Mono: successfully reloaded assembly
- Completed reload, in  1.491 seconds
Platform modules already initialized, skipping
Refreshing native plugins compatible for Editor in 1.40 ms, found 2 plugins.
Preloading 0 native plugins for Editor in 0.00 ms.
Unloading 3818 Unused Serialized files (Serialized files now loaded: 0)
System memory in use before: 178.5 MB.
System memory in use after: 175.6 MB.

Unloading 47 unused Assets to reduce memory usage. Loaded Objects now: 4504.
Total: 6.780100 ms (FindLiveObjects: 0.491500 ms CreateObjectMapping: 0.296400 ms MarkObjects: 3.221100 ms  DeleteObjects: 2.770100 ms)

========================================================================
Received Prepare
Registering precompiled user dll's ...
Registered in 0.004719 seconds.
Begin MonoManager ReloadAssembly
Native extension for WindowsStandalone target not found
Refreshing native plugins compatible for Editor in 1.07 ms, found 2 plugins.
Preloading 0 native plugins for Editor in 0.00 ms.
Mono: successfully reloaded assembly
- Completed reload, in  1.594 seconds
Platform modules already initialized, skipping
Refreshing native plugins compatible for Editor in 1.64 ms, found 2 plugins.
Preloading 0 native plugins for Editor in 0.00 ms.
Unloading 3818 Unused Serialized files (Serialized files now loaded: 0)
System memory in use before: 178.6 MB.
System memory in use after: 175.6 MB.

Unloading 47 unused Assets to reduce memory usage. Loaded Objects now: 4507.
Total: 12.100400 ms (FindLiveObjects: 0.880800 ms CreateObjectMapping: 0.437500 ms MarkObjects: 6.626600 ms  DeleteObjects: 4.153100 ms)

========================================================================
Received Prepare
Registering precompiled user dll's ...
Registered in 0.004438 seconds.
Begin MonoManager ReloadAssembly
Native extension for WindowsStandalone target not found
Refreshing native plugins compatible for Editor in 1.48 ms, found 2 plugins.
Preloading 0 native plugins for Editor in 0.00 ms.
Mono: successfully reloaded assembly
- Completed reload, in  1.534 seconds
Platform modules already initialized, skipping
Refreshing native plugins compatible for Editor in 1.62 ms, found 2 plugins.
Preloading 0 native plugins for Editor in 0.00 ms.
Unloading 3818 Unused Serialized files (Serialized files now loaded: 0)
System memory in use before: 178.6 MB.
System memory in use after: 175.6 MB.

Unloading 47 unused Assets to reduce memory usage. Loaded Objects now: 4510.
Total: 6.900900 ms (FindLiveObjects: 0.505500 ms CreateObjectMapping: 0.283300 ms MarkObjects: 3.320200 ms  DeleteObjects: 2.790400 ms)

========================================================================
Received Prepare
Registering precompiled user dll's ...
Registered in 0.005574 seconds.
Begin MonoManager ReloadAssembly
Native extension for WindowsStandalone target not found
Refreshing native plugins compatible for Editor in 1.68 ms, found 2 plugins.
Preloading 0 native plugins for Editor in 0.00 ms.
Mono: successfully reloaded assembly
- Completed reload, in  1.656 seconds
Platform modules already initialized, skipping
Refreshing native plugins compatible for Editor in 1.25 ms, found 2 plugins.
Preloading 0 native plugins for Editor in 0.00 ms.
Unloading 3818 Unused Serialized files (Serialized files now loaded: 0)
System memory in use before: 178.6 MB.
System memory in use after: 175.6 MB.

Unloading 47 unused Assets to reduce memory usage. Loaded Objects now: 4513.
Total: 11.520200 ms (FindLiveObjects: 0.980300 ms CreateObjectMapping: 0.641500 ms MarkObjects: 6.337700 ms  DeleteObjects: 3.558900 ms)

========================================================================
Received Prepare
Registering precompiled user dll's ...
Registered in 0.003842 seconds.
Begin MonoManager ReloadAssembly
Native extension for WindowsStandalone target not found
Refreshing native plugins compatible for Editor in 0.92 ms, found 2 plugins.
Preloading 0 native plugins for Editor in 0.00 ms.
Mono: successfully reloaded assembly
- Completed reload, in  1.424 seconds
Platform modules already initialized, skipping
Refreshing native plugins compatible for Editor in 1.25 ms, found 2 plugins.
Preloading 0 native plugins for Editor in 0.00 ms.
Unloading 3818 Unused Serialized files (Serialized files now loaded: 0)
System memory in use before: 178.6 MB.
System memory in use after: 175.7 MB.

Unloading 47 unused Assets to reduce memory usage. Loaded Objects now: 4516.
Total: 8.456300 ms (FindLiveObjects: 0.580000 ms CreateObjectMapping: 0.240900 ms MarkObjects: 4.651700 ms  DeleteObjects: 2.981800 ms)

========================================================================
Received Prepare
Registering precompiled user dll's ...
Registered in 0.003622 seconds.
Begin MonoManager ReloadAssembly
Native extension for WindowsStandalone target not found
Refreshing native plugins compatible for Editor in 1.52 ms, found 2 plugins.
Preloading 0 native plugins for Editor in 0.00 ms.
Mono: successfully reloaded assembly
- Completed reload, in  1.612 seconds
Platform modules already initialized, skipping
Refreshing native plugins compatible for Editor in 1.74 ms, found 2 plugins.
Preloading 0 native plugins for Editor in 0.00 ms.
Unloading 3818 Unused Serialized files (Serialized files now loaded: 0)
System memory in use before: 178.6 MB.
System memory in use after: 175.7 MB.

Unloading 47 unused Assets to reduce memory usage. Loaded Objects now: 4519.
Total: 11.564000 ms (FindLiveObjects: 0.743200 ms CreateObjectMapping: 0.448800 ms MarkObjects: 7.250800 ms  DeleteObjects: 3.119500 ms)

========================================================================
Received Prepare
Registering precompiled user dll's ...
Registered in 0.004590 seconds.
Begin MonoManager ReloadAssembly
Native extension for WindowsStandalone target not found
Refreshing native plugins compatible for Editor in 1.63 ms, found 2 plugins.
Preloading 0 native plugins for Editor in 0.00 ms.
Mono: successfully reloaded assembly
- Completed reload, in  1.594 seconds
Platform modules already initialized, skipping
Refreshing native plugins compatible for Editor in 1.51 ms, found 2 plugins.
Preloading 0 native plugins for Editor in 0.00 ms.
Unloading 3818 Unused Serialized files (Serialized files now loaded: 0)
System memory in use before: 178.6 MB.
System memory in use after: 175.7 MB.

Unloading 47 unused Assets to reduce memory usage. Loaded Objects now: 4522.
Total: 8.889100 ms (FindLiveObjects: 0.742400 ms CreateObjectMapping: 0.389700 ms MarkObjects: 4.159700 ms  DeleteObjects: 3.594400 ms)

========================================================================
Received Import Request.
  Time since last request: 1475.261043 seconds.
  path: Assets/Game/Prefabs/Player.prefab
  artifactKey: Guid(9dc10a1022d9f01468f6500277a6772e) Importer(815301076,1909f56bfc062723c751e8b465ee728b)
Start importing Assets/Game/Prefabs/Player.prefab using Guid(9dc10a1022d9f01468f6500277a6772e) Importer(815301076,1909f56bfc062723c751e8b465ee728b)  -> (artifact id: 'ce98e1dbefbe4731d6322fae86aa9a9b') in 0.067513 seconds
  Import took 0.077317 seconds .

========================================================================
Received Import Request.
  Time since last request: 38.905184 seconds.
  path: Assets/Game/Prefabs/Player.prefab
  artifactKey: Guid(9dc10a1022d9f01468f6500277a6772e) Importer(815301076,1909f56bfc062723c751e8b465ee728b)
Start importing Assets/Game/Prefabs/Player.prefab using Guid(9dc10a1022d9f01468f6500277a6772e) Importer(815301076,1909f56bfc062723c751e8b465ee728b)  -> (artifact id: 'd8e97382666857a5a53aaf21cb64562e') in 0.007253 seconds
  Import took 0.018400 seconds .

========================================================================
Received Import Request.
  Time since last request: 0.004260 seconds.
  path: Assets/Game/Prefabs/Player.prefab
  artifactKey: Guid(9dc10a1022d9f01468f6500277a6772e) Importer(815301076,1909f56bfc062723c751e8b465ee728b)
Start importing Assets/Game/Prefabs/Player.prefab using Guid(9dc10a1022d9f01468f6500277a6772e) Importer(815301076,1909f56bfc062723c751e8b465ee728b)  -> (artifact id: 'd8e97382666857a5a53aaf21cb64562e') in 0.005205 seconds
  Import took 0.014417 seconds .

========================================================================
Received Prepare
Registering precompiled user dll's ...
Registered in 0.003647 seconds.
Begin MonoManager ReloadAssembly
Native extension for WindowsStandalone target not found
Refreshing native plugins compatible for Editor in 1.75 ms, found 2 plugins.
Preloading 0 native plugins for Editor in 0.00 ms.
Mono: successfully reloaded assembly
- Completed reload, in  1.592 seconds
Platform modules already initialized, skipping
Refreshing native plugins compatible for Editor in 1.83 ms, found 2 plugins.
Preloading 0 native plugins for Editor in 0.00 ms.
Unloading 3818 Unused Serialized files (Serialized files now loaded: 0)
System memory in use before: 178.6 MB.
System memory in use after: 175.7 MB.

Unloading 49 unused Assets to reduce memory usage. Loaded Objects now: 4525.
Total: 10.463700 ms (FindLiveObjects: 0.690600 ms CreateObjectMapping: 0.396200 ms MarkObjects: 5.416100 ms  DeleteObjects: 3.959300 ms)

========================================================================
Received Prepare
Registering precompiled user dll's ...
Registered in 0.003972 seconds.
Begin MonoManager ReloadAssembly
Native extension for WindowsStandalone target not found
Refreshing native plugins compatible for Editor in 1.63 ms, found 2 plugins.
Preloading 0 native plugins for Editor in 0.00 ms.
Mono: successfully reloaded assembly
- Completed reload, in  1.634 seconds
Platform modules already initialized, skipping
Refreshing native plugins compatible for Editor in 1.38 ms, found 2 plugins.
Preloading 0 native plugins for Editor in 0.00 ms.
Unloading 3818 Unused Serialized files (Serialized files now loaded: 0)
System memory in use before: 178.6 MB.
System memory in use after: 175.7 MB.

Unloading 47 unused Assets to reduce memory usage. Loaded Objects now: 4528.
Total: 11.609600 ms (FindLiveObjects: 0.904300 ms CreateObjectMapping: 0.768100 ms MarkObjects: 6.813100 ms  DeleteObjects: 3.122200 ms)

========================================================================
Received Prepare
Registering precompiled user dll's ...
Registered in 0.004498 seconds.
Begin MonoManager ReloadAssembly
Native extension for WindowsStandalone target not found
Refreshing native plugins compatible for Editor in 1.40 ms, found 2 plugins.
Preloading 0 native plugins for Editor in 0.00 ms.
Mono: successfully reloaded assembly
- Completed reload, in  1.563 seconds
Platform modules already initialized, skipping
Refreshing native plugins compatible for Editor in 1.57 ms, found 2 plugins.
Preloading 0 native plugins for Editor in 0.00 ms.
Unloading 3818 Unused Serialized files (Serialized files now loaded: 0)
System memory in use before: 178.6 MB.
System memory in use after: 175.7 MB.

Unloading 47 unused Assets to reduce memory usage. Loaded Objects now: 4531.
Total: 11.573800 ms (FindLiveObjects: 0.889000 ms CreateObjectMapping: 0.415900 ms MarkObjects: 5.373800 ms  DeleteObjects: 4.893300 ms)

========================================================================
Received Prepare
Registering precompiled user dll's ...
Registered in 0.005264 seconds.
Begin MonoManager ReloadAssembly
Native extension for WindowsStandalone target not found
Refreshing native plugins compatible for Editor in 1.60 ms, found 2 plugins.
Preloading 0 native plugins for Editor in 0.00 ms.
Mono: successfully reloaded assembly
- Completed reload, in  1.674 seconds
Platform modules already initialized, skipping
Refreshing native plugins compatible for Editor in 1.29 ms, found 2 plugins.
Preloading 0 native plugins for Editor in 0.00 ms.
Unloading 3818 Unused Serialized files (Serialized files now loaded: 0)
System memory in use before: 178.6 MB.
System memory in use after: 175.7 MB.

Unloading 47 unused Assets to reduce memory usage. Loaded Objects now: 4534.
Total: 10.881800 ms (FindLiveObjects: 1.099800 ms CreateObjectMapping: 0.535800 ms MarkObjects: 5.686400 ms  DeleteObjects: 3.558000 ms)

========================================================================
Received Prepare
Registering precompiled user dll's ...
Registered in 0.004010 seconds.
Begin MonoManager ReloadAssembly
Native extension for WindowsStandalone target not found
Refreshing native plugins compatible for Editor in 1.56 ms, found 2 plugins.
Preloading 0 native plugins for Editor in 0.00 ms.
Mono: successfully reloaded assembly
- Completed reload, in  1.555 seconds
Platform modules already initialized, skipping
Refreshing native plugins compatible for Editor in 1.76 ms, found 2 plugins.
Preloading 0 native plugins for Editor in 0.00 ms.
Unloading 3818 Unused Serialized files (Serialized files now loaded: 0)
System memory in use before: 178.7 MB.
System memory in use after: 175.7 MB.

Unloading 47 unused Assets to reduce memory usage. Loaded Objects now: 4537.
Total: 8.274000 ms (FindLiveObjects: 0.502900 ms CreateObjectMapping: 0.251800 ms MarkObjects: 4.032000 ms  DeleteObjects: 3.485400 ms)

========================================================================
Received Prepare
Registering precompiled user dll's ...
Registered in 0.003423 seconds.
Begin MonoManager ReloadAssembly
Native extension for WindowsStandalone target not found
Refreshing native plugins compatible for Editor in 1.05 ms, found 2 plugins.
Preloading 0 native plugins for Editor in 0.00 ms.
Mono: successfully reloaded assembly
- Completed reload, in  1.651 seconds
Platform modules already initialized, skipping
Refreshing native plugins compatible for Editor in 1.48 ms, found 2 plugins.
Preloading 0 native plugins for Editor in 0.00 ms.
Unloading 3818 Unused Serialized files (Serialized files now loaded: 0)
System memory in use before: 178.6 MB.
System memory in use after: 175.7 MB.

Unloading 47 unused Assets to reduce memory usage. Loaded Objects now: 4540.
Total: 11.985400 ms (FindLiveObjects: 0.789500 ms CreateObjectMapping: 0.369800 ms MarkObjects: 6.695500 ms  DeleteObjects: 4.128300 ms)

========================================================================
Received Prepare
Registering precompiled user dll's ...
Registered in 0.004971 seconds.
Begin MonoManager ReloadAssembly
Native extension for WindowsStandalone target not found
Refreshing native plugins compatible for Editor in 1.64 ms, found 2 plugins.
Preloading 0 native plugins for Editor in 0.00 ms.
Mono: successfully reloaded assembly
- Completed reload, in  1.622 seconds
Platform modules already initialized, skipping
Refreshing native plugins compatible for Editor in 1.55 ms, found 2 plugins.
Preloading 0 native plugins for Editor in 0.00 ms.
Unloading 3818 Unused Serialized files (Serialized files now loaded: 0)
System memory in use before: 178.7 MB.
System memory in use after: 175.7 MB.

Unloading 47 unused Assets to reduce memory usage. Loaded Objects now: 4543.
Total: 8.587700 ms (FindLiveObjects: 0.545500 ms CreateObjectMapping: 0.284800 ms MarkObjects: 4.454700 ms  DeleteObjects: 3.301100 ms)

========================================================================
Received Prepare
Registering precompiled user dll's ...
Registered in 0.005064 seconds.
Begin MonoManager ReloadAssembly
Native extension for WindowsStandalone target not found
Refreshing native plugins compatible for Editor in 1.08 ms, found 2 plugins.
Preloading 0 native plugins for Editor in 0.00 ms.
Mono: successfully reloaded assembly
- Completed reload, in  1.591 seconds
Platform modules already initialized, skipping
Refreshing native plugins compatible for Editor in 1.18 ms, found 2 plugins.
Preloading 0 native plugins for Editor in 0.00 ms.
Unloading 3818 Unused Serialized files (Serialized files now loaded: 0)
System memory in use before: 178.7 MB.
System memory in use after: 175.7 MB.

Unloading 47 unused Assets to reduce memory usage. Loaded Objects now: 4546.
Total: 9.574200 ms (FindLiveObjects: 0.539500 ms CreateObjectMapping: 0.246600 ms MarkObjects: 5.602200 ms  DeleteObjects: 3.183800 ms)

========================================================================
Received Prepare
Registering precompiled user dll's ...
Registered in 0.005637 seconds.
Begin MonoManager ReloadAssembly
Native extension for WindowsStandalone target not found
Refreshing native plugins compatible for Editor in 1.53 ms, found 2 plugins.
Preloading 0 native plugins for Editor in 0.00 ms.
Mono: successfully reloaded assembly
- Completed reload, in  1.587 seconds
Platform modules already initialized, skipping
Refreshing native plugins compatible for Editor in 1.83 ms, found 2 plugins.
Preloading 0 native plugins for Editor in 0.00 ms.
Unloading 3818 Unused Serialized files (Serialized files now loaded: 0)
System memory in use before: 178.7 MB.
System memory in use after: 175.7 MB.

Unloading 47 unused Assets to reduce memory usage. Loaded Objects now: 4549.
Total: 9.727700 ms (FindLiveObjects: 0.601100 ms CreateObjectMapping: 0.969200 ms MarkObjects: 4.517200 ms  DeleteObjects: 3.638100 ms)

========================================================================
Received Prepare
Registering precompiled user dll's ...
Registered in 0.004551 seconds.
Begin MonoManager ReloadAssembly
Native extension for WindowsStandalone target not found
Refreshing native plugins compatible for Editor in 1.73 ms, found 2 plugins.
Preloading 0 native plugins for Editor in 0.00 ms.
Mono: successfully reloaded assembly
- Completed reload, in  1.544 seconds
Platform modules already initialized, skipping
Refreshing native plugins compatible for Editor in 1.70 ms, found 2 plugins.
Preloading 0 native plugins for Editor in 0.00 ms.
Unloading 3818 Unused Serialized files (Serialized files now loaded: 0)
System memory in use before: 178.7 MB.
System memory in use after: 175.8 MB.

Unloading 47 unused Assets to reduce memory usage. Loaded Objects now: 4552.
Total: 9.193900 ms (FindLiveObjects: 0.747000 ms CreateObjectMapping: 0.322300 ms MarkObjects: 4.675400 ms  DeleteObjects: 3.447800 ms)

========================================================================
Received Prepare
Registering precompiled user dll's ...
Registered in 0.003784 seconds.
Begin MonoManager ReloadAssembly
Native extension for WindowsStandalone target not found
Refreshing native plugins compatible for Editor in 1.06 ms, found 2 plugins.
Preloading 0 native plugins for Editor in 0.00 ms.
Mono: successfully reloaded assembly
- Completed reload, in  1.553 seconds
Platform modules already initialized, skipping
Refreshing native plugins compatible for Editor in 1.64 ms, found 2 plugins.
Preloading 0 native plugins for Editor in 0.00 ms.
Unloading 3818 Unused Serialized files (Serialized files now loaded: 0)
System memory in use before: 178.7 MB.
System memory in use after: 175.8 MB.

Unloading 47 unused Assets to reduce memory usage. Loaded Objects now: 4555.
Total: 7.139300 ms (FindLiveObjects: 0.480800 ms CreateObjectMapping: 0.196900 ms MarkObjects: 3.661300 ms  DeleteObjects: 2.799200 ms)

========================================================================
Received Prepare
Registering precompiled user dll's ...
Registered in 0.004845 seconds.
Begin MonoManager ReloadAssembly
Native extension for WindowsStandalone target not found
Refreshing native plugins compatible for Editor in 1.16 ms, found 2 plugins.
Preloading 0 native plugins for Editor in 0.00 ms.
Mono: successfully reloaded assembly
- Completed reload, in  1.576 seconds
Platform modules already initialized, skipping
Refreshing native plugins compatible for Editor in 1.53 ms, found 2 plugins.
Preloading 0 native plugins for Editor in 0.00 ms.
Unloading 3818 Unused Serialized files (Serialized files now loaded: 0)
System memory in use before: 178.7 MB.
System memory in use after: 175.8 MB.

Unloading 47 unused Assets to reduce memory usage. Loaded Objects now: 4558.
Total: 6.705600 ms (FindLiveObjects: 0.482600 ms CreateObjectMapping: 0.232500 ms MarkObjects: 3.254600 ms  DeleteObjects: 2.734500 ms)

========================================================================
Received Prepare
Registering precompiled user dll's ...
Registered in 0.004588 seconds.
Begin MonoManager ReloadAssembly
Native extension for WindowsStandalone target not found
Refreshing native plugins compatible for Editor in 1.16 ms, found 2 plugins.
Preloading 0 native plugins for Editor in 0.00 ms.
Mono: successfully reloaded assembly
- Completed reload, in  1.419 seconds
Platform modules already initialized, skipping
Refreshing native plugins compatible for Editor in 1.67 ms, found 2 plugins.
Preloading 0 native plugins for Editor in 0.00 ms.
Unloading 3818 Unused Serialized files (Serialized files now loaded: 0)
System memory in use before: 178.7 MB.
System memory in use after: 175.8 MB.

Unloading 47 unused Assets to reduce memory usage. Loaded Objects now: 4561.
Total: 6.623200 ms (FindLiveObjects: 0.500300 ms CreateObjectMapping: 0.187300 ms MarkObjects: 3.177700 ms  DeleteObjects: 2.755700 ms)

========================================================================
Received Prepare
Registering precompiled user dll's ...
Registered in 0.004908 seconds.
Begin MonoManager ReloadAssembly
Native extension for WindowsStandalone target not found
Refreshing native plugins compatible for Editor in 0.90 ms, found 2 plugins.
Preloading 0 native plugins for Editor in 0.00 ms.
Mono: successfully reloaded assembly
- Completed reload, in  1.530 seconds
Platform modules already initialized, skipping
Refreshing native plugins compatible for Editor in 1.78 ms, found 2 plugins.
Preloading 0 native plugins for Editor in 0.00 ms.
Unloading 3818 Unused Serialized files (Serialized files now loaded: 0)
System memory in use before: 178.7 MB.
System memory in use after: 175.8 MB.

Unloading 47 unused Assets to reduce memory usage. Loaded Objects now: 4564.
Total: 10.221600 ms (FindLiveObjects: 0.855000 ms CreateObjectMapping: 0.560200 ms MarkObjects: 5.191500 ms  DeleteObjects: 3.612700 ms)

========================================================================
Received Prepare
Registering precompiled user dll's ...
Registered in 0.004436 seconds.
Begin MonoManager ReloadAssembly
Native extension for WindowsStandalone target not found
Refreshing native plugins compatible for Editor in 1.76 ms, found 2 plugins.
Preloading 0 native plugins for Editor in 0.00 ms.
Mono: successfully reloaded assembly
- Completed reload, in  1.632 seconds
Platform modules already initialized, skipping
Refreshing native plugins compatible for Editor in 1.52 ms, found 2 plugins.
Preloading 0 native plugins for Editor in 0.00 ms.
Unloading 3818 Unused Serialized files (Serialized files now loaded: 0)
System memory in use before: 178.7 MB.
System memory in use after: 175.8 MB.

Unloading 47 unused Assets to reduce memory usage. Loaded Objects now: 4567.
Total: 7.773500 ms (FindLiveObjects: 0.560600 ms CreateObjectMapping: 0.242100 ms MarkObjects: 3.597200 ms  DeleteObjects: 3.372400 ms)

========================================================================
Received Prepare
Registering precompiled user dll's ...
Registered in 0.003918 seconds.
Begin MonoManager ReloadAssembly
Native extension for WindowsStandalone target not found
Refreshing native plugins compatible for Editor in 1.57 ms, found 2 plugins.
Preloading 0 native plugins for Editor in 0.00 ms.
Mono: successfully reloaded assembly
- Completed reload, in  1.566 seconds
Platform modules already initialized, skipping
Refreshing native plugins compatible for Editor in 1.63 ms, found 2 plugins.
Preloading 0 native plugins for Editor in 0.00 ms.
Unloading 3818 Unused Serialized files (Serialized files now loaded: 0)
System memory in use before: 178.7 MB.
System memory in use after: 175.8 MB.

Unloading 47 unused Assets to reduce memory usage. Loaded Objects now: 4570.
Total: 8.538700 ms (FindLiveObjects: 0.840200 ms CreateObjectMapping: 0.348700 ms MarkObjects: 4.303200 ms  DeleteObjects: 3.044700 ms)

========================================================================
Received Prepare
Registering precompiled user dll's ...
Registered in 0.004598 seconds.
Begin MonoManager ReloadAssembly
Native extension for WindowsStandalone target not found
Refreshing native plugins compatible for Editor in 1.15 ms, found 2 plugins.
Preloading 0 native plugins for Editor in 0.00 ms.
Mono: successfully reloaded assembly
- Completed reload, in  1.605 seconds
Platform modules already initialized, skipping
Refreshing native plugins compatible for Editor in 1.57 ms, found 2 plugins.
Preloading 0 native plugins for Editor in 0.00 ms.
Unloading 3818 Unused Serialized files (Serialized files now loaded: 0)
System memory in use before: 178.7 MB.
System memory in use after: 175.8 MB.

Unloading 47 unused Assets to reduce memory usage. Loaded Objects now: 4573.
Total: 9.126300 ms (FindLiveObjects: 0.587400 ms CreateObjectMapping: 0.242800 ms MarkObjects: 4.874100 ms  DeleteObjects: 3.420400 ms)

========================================================================
Received Import Request.
  Time since last request: 3826.398425 seconds.
  path: Assets/Game/Prefabs/Player.prefab
  artifactKey: Guid(9dc10a1022d9f01468f6500277a6772e) Importer(815301076,1909f56bfc062723c751e8b465ee728b)
Start importing Assets/Game/Prefabs/Player.prefab using Guid(9dc10a1022d9f01468f6500277a6772e) Importer(815301076,1909f56bfc062723c751e8b465ee728b)  -> (artifact id: '3ed7951fb246c955a2f01e035d96e1ee') in 0.056796 seconds
  Import took 0.068874 seconds .

========================================================================
Received Prepare
Registering precompiled user dll's ...
Registered in 0.004065 seconds.
Begin MonoManager ReloadAssembly
Native extension for WindowsStandalone target not found
Refreshing native plugins compatible for Editor in 1.66 ms, found 2 plugins.
Preloading 0 native plugins for Editor in 0.00 ms.
Mono: successfully reloaded assembly
- Completed reload, in  1.601 seconds
Platform modules already initialized, skipping
Refreshing native plugins compatible for Editor in 1.81 ms, found 2 plugins.
Preloading 0 native plugins for Editor in 0.00 ms.
Unloading 3818 Unused Serialized files (Serialized files now loaded: 0)
System memory in use before: 178.7 MB.
System memory in use after: 175.8 MB.

Unloading 49 unused Assets to reduce memory usage. Loaded Objects now: 4576.
Total: 8.567800 ms (FindLiveObjects: 0.539900 ms CreateObjectMapping: 0.225400 ms MarkObjects: 4.624000 ms  DeleteObjects: 3.176800 ms)

========================================================================
Received Prepare
Registering precompiled user dll's ...
Registered in 0.003361 seconds.
Begin MonoManager ReloadAssembly
Native extension for WindowsStandalone target not found
Refreshing native plugins compatible for Editor in 0.89 ms, found 2 plugins.
Preloading 0 native plugins for Editor in 0.00 ms.
Mono: successfully reloaded assembly
- Completed reload, in  1.508 seconds
Platform modules already initialized, skipping
Refreshing native plugins compatible for Editor in 1.57 ms, found 2 plugins.
Preloading 0 native plugins for Editor in 0.00 ms.
Unloading 3818 Unused Serialized files (Serialized files now loaded: 0)
System memory in use before: 178.8 MB.
System memory in use after: 175.8 MB.

Unloading 47 unused Assets to reduce memory usage. Loaded Objects now: 4579.
Total: 7.454700 ms (FindLiveObjects: 0.797000 ms CreateObjectMapping: 0.324100 ms MarkObjects: 3.499400 ms  DeleteObjects: 2.832800 ms)

========================================================================
Received Prepare
Registering precompiled user dll's ...
Registered in 0.003809 seconds.
Begin MonoManager ReloadAssembly
Native extension for WindowsStandalone target not found
Refreshing native plugins compatible for Editor in 0.99 ms, found 2 plugins.
Preloading 0 native plugins for Editor in 0.00 ms.
Mono: successfully reloaded assembly
- Completed reload, in  1.555 seconds
Platform modules already initialized, skipping
Refreshing native plugins compatible for Editor in 1.07 ms, found 2 plugins.
Preloading 0 native plugins for Editor in 0.00 ms.
Unloading 3818 Unused Serialized files (Serialized files now loaded: 0)
System memory in use before: 178.8 MB.
System memory in use after: 175.8 MB.

Unloading 47 unused Assets to reduce memory usage. Loaded Objects now: 4582.
Total: 8.537600 ms (FindLiveObjects: 0.491100 ms CreateObjectMapping: 0.265900 ms MarkObjects: 4.421000 ms  DeleteObjects: 3.358500 ms)

========================================================================
Received Prepare
Registering precompiled user dll's ...
Registered in 0.003342 seconds.
Begin MonoManager ReloadAssembly
Native extension for WindowsStandalone target not found
Refreshing native plugins compatible for Editor in 0.95 ms, found 2 plugins.
Preloading 0 native plugins for Editor in 0.00 ms.
Mono: successfully reloaded assembly
- Completed reload, in  1.513 seconds
Platform modules already initialized, skipping
Refreshing native plugins compatible for Editor in 1.58 ms, found 2 plugins.
Preloading 0 native plugins for Editor in 0.00 ms.
Unloading 3818 Unused Serialized files (Serialized files now loaded: 0)
System memory in use before: 178.8 MB.
System memory in use after: 175.8 MB.

Unloading 47 unused Assets to reduce memory usage. Loaded Objects now: 4585.
Total: 6.477000 ms (FindLiveObjects: 0.513400 ms CreateObjectMapping: 0.229400 ms MarkObjects: 3.029600 ms  DeleteObjects: 2.703400 ms)

========================================================================
Received Prepare
Registering precompiled user dll's ...
Registered in 0.005516 seconds.
Begin MonoManager ReloadAssembly
Native extension for WindowsStandalone target not found
Refreshing native plugins compatible for Editor in 1.38 ms, found 2 plugins.
Preloading 0 native plugins for Editor in 0.00 ms.
Mono: successfully reloaded assembly
- Completed reload, in  1.617 seconds
Platform modules already initialized, skipping
Refreshing native plugins compatible for Editor in 1.66 ms, found 2 plugins.
Preloading 0 native plugins for Editor in 0.00 ms.
Unloading 3818 Unused Serialized files (Serialized files now loaded: 0)
System memory in use before: 178.8 MB.
System memory in use after: 175.8 MB.

Unloading 47 unused Assets to reduce memory usage. Loaded Objects now: 4588.
Total: 8.966800 ms (FindLiveObjects: 0.663100 ms CreateObjectMapping: 0.253000 ms MarkObjects: 4.654400 ms  DeleteObjects: 3.395000 ms)

========================================================================
Received Prepare
Registering precompiled user dll's ...
Registered in 0.003799 seconds.
Begin MonoManager ReloadAssembly
Native extension for WindowsStandalone target not found
Refreshing native plugins compatible for Editor in 1.09 ms, found 2 plugins.
Preloading 0 native plugins for Editor in 0.00 ms.
Mono: successfully reloaded assembly
- Completed reload, in  1.545 seconds
Platform modules already initialized, skipping
Refreshing native plugins compatible for Editor in 1.57 ms, found 2 plugins.
Preloading 0 native plugins for Editor in 0.00 ms.
Unloading 3818 Unused Serialized files (Serialized files now loaded: 0)
System memory in use before: 178.8 MB.
System memory in use after: 175.8 MB.

Unloading 47 unused Assets to reduce memory usage. Loaded Objects now: 4591.
Total: 8.582600 ms (FindLiveObjects: 0.869800 ms CreateObjectMapping: 0.493200 ms MarkObjects: 4.127200 ms  DeleteObjects: 3.090600 ms)

========================================================================
Received Prepare
Registering precompiled user dll's ...
Registered in 0.003696 seconds.
Begin MonoManager ReloadAssembly
Native extension for WindowsStandalone target not found
Refreshing native plugins compatible for Editor in 1.18 ms, found 2 plugins.
Preloading 0 native plugins for Editor in 0.00 ms.
Mono: successfully reloaded assembly
- Completed reload, in  1.590 seconds
Platform modules already initialized, skipping
Refreshing native plugins compatible for Editor in 1.72 ms, found 2 plugins.
Preloading 0 native plugins for Editor in 0.00 ms.
Unloading 3818 Unused Serialized files (Serialized files now loaded: 0)
System memory in use before: 178.8 MB.
System memory in use after: 175.9 MB.

Unloading 47 unused Assets to reduce memory usage. Loaded Objects now: 4594.
Total: 8.342100 ms (FindLiveObjects: 0.767700 ms CreateObjectMapping: 0.393300 ms MarkObjects: 4.244600 ms  DeleteObjects: 2.934700 ms)

========================================================================
Received Prepare
Registering precompiled user dll's ...
Registered in 0.004469 seconds.
Begin MonoManager ReloadAssembly
Native extension for WindowsStandalone target not found
Refreshing native plugins compatible for Editor in 1.39 ms, found 2 plugins.
Preloading 0 native plugins for Editor in 0.00 ms.
Mono: successfully reloaded assembly
- Completed reload, in  1.605 seconds
Platform modules already initialized, skipping
Refreshing native plugins compatible for Editor in 1.56 ms, found 2 plugins.
Preloading 0 native plugins for Editor in 0.00 ms.
Unloading 3818 Unused Serialized files (Serialized files now loaded: 0)
System memory in use before: 178.8 MB.
System memory in use after: 175.9 MB.

Unloading 47 unused Assets to reduce memory usage. Loaded Objects now: 4597.
Total: 6.586800 ms (FindLiveObjects: 0.491400 ms CreateObjectMapping: 0.249400 ms MarkObjects: 3.103300 ms  DeleteObjects: 2.741500 ms)

AssetImportWorkerClient::OnTransportError - code=2 error=End of file
