Using pre-set license
Built from '2020.3/staging' branch; Version is '2020.3.10f1 (297d780c91bc) revision 2719096'; Using compiler version '192528614'; Build Type 'Release'
OS: 'Windows 10 Home; OS build 18363.1556; Version 1909; 64bit' Language: 'en' Physical Memory: 16328 MB
BatchMode: 1, IsHumanControllingUs: 0, StartBugReporterOnCrash: 0, Is64bit: 1, IsPro: 0

 COMMAND LINE ARGUMENTS:
D:\Unity\IDE\2020.3.10f1\Editor\Unity.exe
-adb2
-batchMode
-noUpm
-name
AssetImportWorker0
-projectPath
D:/Unity/Games/RockPaperWallyWoka
-logFile
Logs/AssetImportWorker0.log
-srvPort
60659
Successfully changed project path to: D:/Unity/Games/RockPaperWallyWoka
D:/Unity/Games/RockPaperWallyWoka
Using Asset Import Pipeline V2.
Refreshing native plugins compatible for Editor in 141.95 ms, found 2 plugins.
Preloading 0 native plugins for Editor in 0.00 ms.
Initialize engine version: 2020.3.10f1 (297d780c91bc)
[Subsystems] Discovering subsystems at path D:/Unity/IDE/2020.3.10f1/Editor/Data/Resources/UnitySubsystems
[Subsystems] Discovering subsystems at path D:/Unity/Games/RockPaperWallyWoka/Assets
GfxDevice: creating device client; threaded=0
Direct3D:
    Version:  Direct3D 11.0 [level 11.1]
    Renderer: NVIDIA GeForce GTX 1080 Ti (ID=0x1b06)
    Vendor:   
    VRAM:     11127 MB
    Driver:   27.21.14.6647
Initialize mono
Mono path[0] = 'D:/Unity/IDE/2020.3.10f1/Editor/Data/Managed'
Mono path[1] = 'D:/Unity/IDE/2020.3.10f1/Editor/Data/MonoBleedingEdge/lib/mono/unityjit'
Mono config path = 'D:/Unity/IDE/2020.3.10f1/Editor/Data/MonoBleedingEdge/etc'
Using monoOptions --debugger-agent=transport=dt_socket,embedding=1,server=y,suspend=n,address=127.0.0.1:56512
Begin MonoManager ReloadAssembly
Registering precompiled unity dll's ...
Register platform support module: D:/Unity/IDE/2020.3.10f1/Editor/Data/PlaybackEngines/WindowsStandaloneSupport/UnityEditor.WindowsStandalone.Extensions.dll
Registered in 0.001283 seconds.
Native extension for WindowsStandalone target not found
Refreshing native plugins compatible for Editor in 134.25 ms, found 2 plugins.
Preloading 0 native plugins for Editor in 0.00 ms.
Mono: successfully reloaded assembly
- Completed reload, in  2.062 seconds
Platform modules already initialized, skipping
Registering precompiled user dll's ...
Registered in 0.005521 seconds.
Begin MonoManager ReloadAssembly
Native extension for WindowsStandalone target not found
Refreshing native plugins compatible for Editor in 91.83 ms, found 2 plugins.
Preloading 0 native plugins for Editor in 0.00 ms.
Mono: successfully reloaded assembly
- Completed reload, in  1.672 seconds
Platform modules already initialized, skipping
========================================================================
Worker process is ready to serve import requests
Launched and connected shader compiler UnityShaderCompiler.exe after 0.05 seconds
Refreshing native plugins compatible for Editor in 1.70 ms, found 2 plugins.
Preloading 0 native plugins for Editor in 0.00 ms.
Unloading 4069 Unused Serialized files (Serialized files now loaded: 0)
System memory in use before: 190.0 MB.
System memory in use after: 187.0 MB.

Unloading 54 unused Assets to reduce memory usage. Loaded Objects now: 4490.
Total: 9.574800 ms (FindLiveObjects: 0.794800 ms CreateObjectMapping: 0.403600 ms MarkObjects: 4.747000 ms  DeleteObjects: 3.627700 ms)

========================================================================
Received Prepare
Registering precompiled user dll's ...
Registered in 0.004712 seconds.
Begin MonoManager ReloadAssembly
Native extension for WindowsStandalone target not found
Refreshing native plugins compatible for Editor in 1.01 ms, found 2 plugins.
Preloading 0 native plugins for Editor in 0.00 ms.
Mono: successfully reloaded assembly
- Completed reload, in  1.594 seconds
Platform modules already initialized, skipping
Refreshing native plugins compatible for Editor in 1.76 ms, found 2 plugins.
Preloading 0 native plugins for Editor in 0.00 ms.
Unloading 3819 Unused Serialized files (Serialized files now loaded: 0)
System memory in use before: 178.5 MB.
System memory in use after: 175.5 MB.

Unloading 47 unused Assets to reduce memory usage. Loaded Objects now: 4493.
Total: 9.305100 ms (FindLiveObjects: 0.737600 ms CreateObjectMapping: 0.270000 ms MarkObjects: 5.020700 ms  DeleteObjects: 3.274700 ms)

========================================================================
Received Import Request.
  path: Assets/Game/MyInputActions.inputactions
  artifactKey: Guid(f74aec5ac1e6d71498d9e7adda0e5070) Importer(815301076,1909f56bfc062723c751e8b465ee728b)
Start importing Assets/Game/MyInputActions.inputactions using Guid(f74aec5ac1e6d71498d9e7adda0e5070) Importer(815301076,1909f56bfc062723c751e8b465ee728b)  -> (artifact id: '1f02db2e94821c2d05491eadbcc274ec') in 0.086817 seconds
  Import took 0.096204 seconds .

========================================================================
Received Import Request.
  Time since last request: 41.241166 seconds.
  path: Assets/Game/MyInputActions.inputactions
  artifactKey: Guid(f74aec5ac1e6d71498d9e7adda0e5070) Importer(815301076,1909f56bfc062723c751e8b465ee728b)
Start importing Assets/Game/MyInputActions.inputactions using Guid(f74aec5ac1e6d71498d9e7adda0e5070) Importer(815301076,1909f56bfc062723c751e8b465ee728b)  -> (artifact id: '561ce17e438d4697c3ab2f4176fb60a7') in 0.006230 seconds
  Import took 0.013436 seconds .

========================================================================
Received Prepare
Registering precompiled user dll's ...
Registered in 0.003241 seconds.
Begin MonoManager ReloadAssembly
Native extension for WindowsStandalone target not found
Refreshing native plugins compatible for Editor in 1.06 ms, found 2 plugins.
Preloading 0 native plugins for Editor in 0.00 ms.
Mono: successfully reloaded assembly
- Completed reload, in  1.374 seconds
Platform modules already initialized, skipping
Refreshing native plugins compatible for Editor in 1.31 ms, found 2 plugins.
Preloading 0 native plugins for Editor in 0.00 ms.
Unloading 3819 Unused Serialized files (Serialized files now loaded: 0)
System memory in use before: 178.5 MB.
System memory in use after: 175.6 MB.

Unloading 47 unused Assets to reduce memory usage. Loaded Objects now: 4496.
Total: 8.958300 ms (FindLiveObjects: 0.573200 ms CreateObjectMapping: 0.266300 ms MarkObjects: 4.669400 ms  DeleteObjects: 3.448100 ms)

========================================================================
Received Import Request.
  Time since last request: 43.860888 seconds.
  path: Assets/InputSystem.inputsettings.asset
  artifactKey: Guid(29dbafe3c36616249a201afdf3c78cb9) Importer(815301076,1909f56bfc062723c751e8b465ee728b)
Start importing Assets/InputSystem.inputsettings.asset using Guid(29dbafe3c36616249a201afdf3c78cb9) Importer(815301076,1909f56bfc062723c751e8b465ee728b)  -> (artifact id: '5f9975252efcfbf659f9c49892510020') in 0.028349 seconds
  Import took 0.036506 seconds .

========================================================================
Received Import Request.
  Time since last request: 5.648272 seconds.
  path: Assets/PlayerManager.cs
  artifactKey: Guid(3e73f0522ad08e545bd70b85448793f9) Importer(815301076,1909f56bfc062723c751e8b465ee728b)
Start importing Assets/PlayerManager.cs using Guid(3e73f0522ad08e545bd70b85448793f9) Importer(815301076,1909f56bfc062723c751e8b465ee728b)  -> (artifact id: '8d50c0ea6d84086e51c7b99f321fb779') in 0.011085 seconds
  Import took 0.020931 seconds .

========================================================================
Received Import Request.
  Time since last request: 0.002587 seconds.
  path: Assets/PlayerManager.cs
  artifactKey: Guid(3e73f0522ad08e545bd70b85448793f9) Importer(815301076,1909f56bfc062723c751e8b465ee728b)
Start importing Assets/PlayerManager.cs using Guid(3e73f0522ad08e545bd70b85448793f9) Importer(815301076,1909f56bfc062723c751e8b465ee728b)  -> (artifact id: '8d50c0ea6d84086e51c7b99f321fb779') in 0.002273 seconds
  Import took 0.011941 seconds .

========================================================================
Received Prepare
Registering precompiled user dll's ...
Registered in 0.004137 seconds.
Begin MonoManager ReloadAssembly
Native extension for WindowsStandalone target not found
Refreshing native plugins compatible for Editor in 1.03 ms, found 2 plugins.
Preloading 0 native plugins for Editor in 0.00 ms.
Mono: successfully reloaded assembly
- Completed reload, in  1.453 seconds
Platform modules already initialized, skipping
Refreshing native plugins compatible for Editor in 1.23 ms, found 2 plugins.
Preloading 0 native plugins for Editor in 0.00 ms.
Unloading 3819 Unused Serialized files (Serialized files now loaded: 0)
System memory in use before: 178.6 MB.
System memory in use after: 175.6 MB.

Unloading 47 unused Assets to reduce memory usage. Loaded Objects now: 4499.
Total: 6.646900 ms (FindLiveObjects: 0.484300 ms CreateObjectMapping: 0.225700 ms MarkObjects: 3.199000 ms  DeleteObjects: 2.736600 ms)

========================================================================
Received Prepare
Registering precompiled user dll's ...
Registered in 0.004933 seconds.
Begin MonoManager ReloadAssembly
Native extension for WindowsStandalone target not found
Refreshing native plugins compatible for Editor in 1.23 ms, found 2 plugins.
Preloading 0 native plugins for Editor in 0.00 ms.
Mono: successfully reloaded assembly
- Completed reload, in  1.440 seconds
Platform modules already initialized, skipping
Refreshing native plugins compatible for Editor in 1.56 ms, found 2 plugins.
Preloading 0 native plugins for Editor in 0.00 ms.
Unloading 3819 Unused Serialized files (Serialized files now loaded: 0)
System memory in use before: 178.6 MB.
System memory in use after: 175.7 MB.

Unloading 47 unused Assets to reduce memory usage. Loaded Objects now: 4502.
Total: 8.068700 ms (FindLiveObjects: 0.480200 ms CreateObjectMapping: 0.200700 ms MarkObjects: 3.568200 ms  DeleteObjects: 3.818300 ms)

========================================================================
Received Prepare
Registering precompiled user dll's ...
Registered in 0.003277 seconds.
Begin MonoManager ReloadAssembly
Native extension for WindowsStandalone target not found
Refreshing native plugins compatible for Editor in 1.70 ms, found 2 plugins.
Preloading 0 native plugins for Editor in 0.00 ms.
Mono: successfully reloaded assembly
- Completed reload, in  1.409 seconds
Platform modules already initialized, skipping
Refreshing native plugins compatible for Editor in 1.57 ms, found 2 plugins.
Preloading 0 native plugins for Editor in 0.00 ms.
Unloading 3819 Unused Serialized files (Serialized files now loaded: 0)
System memory in use before: 178.6 MB.
System memory in use after: 175.7 MB.

Unloading 47 unused Assets to reduce memory usage. Loaded Objects now: 4505.
Total: 9.159000 ms (FindLiveObjects: 0.897500 ms CreateObjectMapping: 0.684200 ms MarkObjects: 4.735900 ms  DeleteObjects: 2.839900 ms)

========================================================================
Received Import Request.
  Time since last request: 31.312423 seconds.
  path: Assets/Game/Settings
  artifactKey: Guid(1c46f0fdca1e9e240b4c39d66d7bc206) Importer(815301076,1909f56bfc062723c751e8b465ee728b)
Start importing Assets/Game/Settings using Guid(1c46f0fdca1e9e240b4c39d66d7bc206) Importer(815301076,1909f56bfc062723c751e8b465ee728b)  -> (artifact id: 'cbde4ea16c860edafd57068cb6880621') in 0.014580 seconds
  Import took 0.023736 seconds .

========================================================================
Received Import Request.
  Time since last request: 1.563771 seconds.
  path: Assets/Game/InputSystem.inputsettings.asset
  artifactKey: Guid(29dbafe3c36616249a201afdf3c78cb9) Importer(815301076,1909f56bfc062723c751e8b465ee728b)
Start importing Assets/Game/InputSystem.inputsettings.asset using Guid(29dbafe3c36616249a201afdf3c78cb9) Importer(815301076,1909f56bfc062723c751e8b465ee728b)  -> (artifact id: '7c7702a1a717ad478cf71bc7b4311da7') in 0.011137 seconds
  Import took 0.019005 seconds .

========================================================================
Received Prepare
Registering precompiled user dll's ...
Registered in 0.003358 seconds.
Begin MonoManager ReloadAssembly
Native extension for WindowsStandalone target not found
Refreshing native plugins compatible for Editor in 0.96 ms, found 2 plugins.
Preloading 0 native plugins for Editor in 0.00 ms.
Mono: successfully reloaded assembly
- Completed reload, in  1.315 seconds
Platform modules already initialized, skipping
Refreshing native plugins compatible for Editor in 1.92 ms, found 2 plugins.
Preloading 0 native plugins for Editor in 0.00 ms.
Unloading 3819 Unused Serialized files (Serialized files now loaded: 0)
System memory in use before: 178.6 MB.
System memory in use after: 175.7 MB.

Unloading 47 unused Assets to reduce memory usage. Loaded Objects now: 4508.
Total: 8.084500 ms (FindLiveObjects: 0.586600 ms CreateObjectMapping: 0.252700 ms MarkObjects: 4.191200 ms  DeleteObjects: 3.052600 ms)

========================================================================
Received Prepare
Registering precompiled user dll's ...
Registered in 0.004348 seconds.
Begin MonoManager ReloadAssembly
Native extension for WindowsStandalone target not found
Refreshing native plugins compatible for Editor in 1.64 ms, found 2 plugins.
Preloading 0 native plugins for Editor in 0.00 ms.
Mono: successfully reloaded assembly
- Completed reload, in  1.646 seconds
Platform modules already initialized, skipping
Refreshing native plugins compatible for Editor in 1.80 ms, found 2 plugins.
Preloading 0 native plugins for Editor in 0.00 ms.
Unloading 3819 Unused Serialized files (Serialized files now loaded: 0)
System memory in use before: 178.6 MB.
System memory in use after: 175.7 MB.

Unloading 47 unused Assets to reduce memory usage. Loaded Objects now: 4511.
Total: 10.088100 ms (FindLiveObjects: 0.775700 ms CreateObjectMapping: 0.431300 ms MarkObjects: 4.978300 ms  DeleteObjects: 3.900800 ms)

========================================================================
Received Prepare
Registering precompiled user dll's ...
Registered in 0.003281 seconds.
Begin MonoManager ReloadAssembly
Native extension for WindowsStandalone target not found
Refreshing native plugins compatible for Editor in 0.93 ms, found 2 plugins.
Preloading 0 native plugins for Editor in 0.00 ms.
Mono: successfully reloaded assembly
- Completed reload, in  1.418 seconds
Platform modules already initialized, skipping
Refreshing native plugins compatible for Editor in 1.36 ms, found 2 plugins.
Preloading 0 native plugins for Editor in 0.00 ms.
Unloading 3819 Unused Serialized files (Serialized files now loaded: 0)
System memory in use before: 178.6 MB.
System memory in use after: 175.7 MB.

Unloading 47 unused Assets to reduce memory usage. Loaded Objects now: 4514.
Total: 9.128700 ms (FindLiveObjects: 0.503300 ms CreateObjectMapping: 0.268200 ms MarkObjects: 5.477900 ms  DeleteObjects: 2.877400 ms)

========================================================================
Received Import Request.
  Time since last request: 311.547131 seconds.
  path: Assets/Game/Settings/MyInputActions.inputactions
  artifactKey: Guid(f74aec5ac1e6d71498d9e7adda0e5070) Importer(815301076,1909f56bfc062723c751e8b465ee728b)
Start importing Assets/Game/Settings/MyInputActions.inputactions using Guid(f74aec5ac1e6d71498d9e7adda0e5070) Importer(815301076,1909f56bfc062723c751e8b465ee728b)  -> (artifact id: '67ee56086441a6e780ec481bc5002476') in 0.022632 seconds
  Import took 0.032369 seconds .

========================================================================
Received Import Request.
  Time since last request: 0.000586 seconds.
  path: Assets/Game/Settings/MyInputActions.inputactions
  artifactKey: Guid(f74aec5ac1e6d71498d9e7adda0e5070) Importer(815301076,1909f56bfc062723c751e8b465ee728b)
Start importing Assets/Game/Settings/MyInputActions.inputactions using Guid(f74aec5ac1e6d71498d9e7adda0e5070) Importer(815301076,1909f56bfc062723c751e8b465ee728b)  -> (artifact id: '67ee56086441a6e780ec481bc5002476') in 0.006308 seconds
  Import took 0.015224 seconds .

========================================================================
Received Import Request.
  Time since last request: 2.418600 seconds.
  path: Assets/Game/Settings/MyInputActions.inputactions
  artifactKey: Guid(f74aec5ac1e6d71498d9e7adda0e5070) Importer(815301076,1909f56bfc062723c751e8b465ee728b)
Start importing Assets/Game/Settings/MyInputActions.inputactions using Guid(f74aec5ac1e6d71498d9e7adda0e5070) Importer(815301076,1909f56bfc062723c751e8b465ee728b)  -> (artifact id: '56d3c2f29fe9d6c30902cdd2cd8522af') in 0.005920 seconds
  Import took 0.014589 seconds .

========================================================================
Received Import Request.
  Time since last request: 1.934432 seconds.
  path: Assets/Game/Settings/MyInputActions.cs
  artifactKey: Guid(5aed1f0a63c9a6447aa2df12c13ea348) Importer(815301076,1909f56bfc062723c751e8b465ee728b)
Start importing Assets/Game/Settings/MyInputActions.cs using Guid(5aed1f0a63c9a6447aa2df12c13ea348) Importer(815301076,1909f56bfc062723c751e8b465ee728b)  -> (artifact id: '0faa4f7d9d7f2608af3ac5f9c352882d') in 0.001950 seconds
  Import took 0.009729 seconds .

========================================================================
Received Import Request.
  Time since last request: 0.029750 seconds.
  path: Assets/Game/Settings/MyInputActions.cs
  artifactKey: Guid(5aed1f0a63c9a6447aa2df12c13ea348) Importer(815301076,1909f56bfc062723c751e8b465ee728b)
Start importing Assets/Game/Settings/MyInputActions.cs using Guid(5aed1f0a63c9a6447aa2df12c13ea348) Importer(815301076,1909f56bfc062723c751e8b465ee728b)  -> (artifact id: '0faa4f7d9d7f2608af3ac5f9c352882d') in 0.002086 seconds
  Import took 0.010710 seconds .

========================================================================
Received Prepare
Registering precompiled user dll's ...
Registered in 0.003516 seconds.
Begin MonoManager ReloadAssembly
Native extension for WindowsStandalone target not found
Refreshing native plugins compatible for Editor in 0.98 ms, found 2 plugins.
Preloading 0 native plugins for Editor in 0.00 ms.
Mono: successfully reloaded assembly
- Completed reload, in  1.400 seconds
Platform modules already initialized, skipping
Refreshing native plugins compatible for Editor in 1.52 ms, found 2 plugins.
Preloading 0 native plugins for Editor in 0.00 ms.
Unloading 3818 Unused Serialized files (Serialized files now loaded: 0)
System memory in use before: 178.6 MB.
System memory in use after: 175.7 MB.

Unloading 48 unused Assets to reduce memory usage. Loaded Objects now: 4516.
Total: 7.508800 ms (FindLiveObjects: 0.680900 ms CreateObjectMapping: 0.346900 ms MarkObjects: 3.392800 ms  DeleteObjects: 3.087000 ms)

========================================================================
Received Prepare
Registering precompiled user dll's ...
Registered in 0.003555 seconds.
Begin MonoManager ReloadAssembly
Native extension for WindowsStandalone target not found
Refreshing native plugins compatible for Editor in 1.63 ms, found 2 plugins.
Preloading 0 native plugins for Editor in 0.00 ms.
Mono: successfully reloaded assembly
- Completed reload, in  1.544 seconds
Platform modules already initialized, skipping
Refreshing native plugins compatible for Editor in 1.56 ms, found 2 plugins.
Preloading 0 native plugins for Editor in 0.00 ms.
Unloading 3818 Unused Serialized files (Serialized files now loaded: 0)
System memory in use before: 178.6 MB.
System memory in use after: 175.7 MB.

Unloading 47 unused Assets to reduce memory usage. Loaded Objects now: 4519.
Total: 11.270100 ms (FindLiveObjects: 0.900000 ms CreateObjectMapping: 0.971600 ms MarkObjects: 5.910800 ms  DeleteObjects: 3.484600 ms)

========================================================================
Received Import Request.
  Time since last request: 223.594289 seconds.
  path: Assets/Game/Prefabs/Player.prefab
  artifactKey: Guid(9dc10a1022d9f01468f6500277a6772e) Importer(815301076,1909f56bfc062723c751e8b465ee728b)
Start importing Assets/Game/Prefabs/Player.prefab using Guid(9dc10a1022d9f01468f6500277a6772e) Importer(815301076,1909f56bfc062723c751e8b465ee728b)  -> (artifact id: '0a841373b49a2e5d4267b3e48dc6015e') in 0.070235 seconds
  Import took 0.078382 seconds .

========================================================================
Received Import Request.
  Time since last request: 3.110282 seconds.
  path: Assets/Game/Prefabs/Player.prefab
  artifactKey: Guid(9dc10a1022d9f01468f6500277a6772e) Importer(815301076,1909f56bfc062723c751e8b465ee728b)
Start importing Assets/Game/Prefabs/Player.prefab using Guid(9dc10a1022d9f01468f6500277a6772e) Importer(815301076,1909f56bfc062723c751e8b465ee728b)  -> (artifact id: 'fd103cc70c31c6d481767eb9f68bab37') in 0.005112 seconds
  Import took 0.014037 seconds .

========================================================================
Received Prepare
Registering precompiled user dll's ...
Registered in 0.005631 seconds.
Begin MonoManager ReloadAssembly
Native extension for WindowsStandalone target not found
Refreshing native plugins compatible for Editor in 1.65 ms, found 2 plugins.
Preloading 0 native plugins for Editor in 0.00 ms.
Mono: successfully reloaded assembly
- Completed reload, in  1.645 seconds
Platform modules already initialized, skipping
Refreshing native plugins compatible for Editor in 1.69 ms, found 2 plugins.
Preloading 0 native plugins for Editor in 0.00 ms.
Unloading 3818 Unused Serialized files (Serialized files now loaded: 0)
System memory in use before: 178.6 MB.
System memory in use after: 175.7 MB.

Unloading 49 unused Assets to reduce memory usage. Loaded Objects now: 4522.
Total: 8.384700 ms (FindLiveObjects: 0.754200 ms CreateObjectMapping: 0.354000 ms MarkObjects: 4.046500 ms  DeleteObjects: 3.228600 ms)

AssetImportWorkerClient::OnTransportError - code=2 error=End of file
